<?xml version="1.0" encoding="UTF-8"?>
<!-- Generated by org.testng.reporters.JUnitReportReporter -->
<testsuite hostname="Divya" failures="0" tests="1" name="testcases.LoginValidData" time="22.692" errors="0" timestamp="2022-12-04T18:49:45 IST" skipped="0">
  <testcase classname="testcases.LoginValidData" name="demoWorkShopFunctionality" time="22.692"/>
  <system-out/>
</testsuite> <!-- testcases.LoginValidData -->
